<?xml version="1.0" encoding="UTF-8"?>
<coverage generated="1554802344204" clover="3.2.0">
  <project timestamp="1554802344204" name="All files">
    <metrics statements="27" coveredstatements="26" conditionals="17" coveredconditionals="14" methods="7" coveredmethods="7" elements="51" coveredelements="47" complexity="0" loc="27" ncloc="27" packages="2" files="3" classes="3"/>
    <package name="Validation">
      <metrics statements="25" coveredstatements="24" conditionals="17" coveredconditionals="14" methods="6" coveredmethods="6"/>
      <file name="login.js" path="/Users/akeembalogun/Desktop/rs/Reactify-SendIT/src/Validation/login.js">
        <metrics statements="3" coveredstatements="3" conditionals="4" coveredconditionals="4" methods="1" coveredmethods="1"/>
        <line num="8" count="2" type="cond" truecount="4" falsecount="0"/>
        <line num="11" count="1" type="stmt"/>
        <line num="13" count="1" type="stmt"/>
      </file>
      <file name="validateInputs.js" path="/Users/akeembalogun/Desktop/rs/Reactify-SendIT/src/Validation/validateInputs.js">
        <metrics statements="22" coveredstatements="21" conditionals="13" coveredconditionals="10" methods="5" coveredmethods="5"/>
        <line num="6" count="1" type="cond" truecount="1" falsecount="1"/>
        <line num="7" count="1" type="stmt"/>
        <line num="12" count="3" type="stmt"/>
        <line num="13" count="3" type="cond" truecount="2" falsecount="0"/>
        <line num="14" count="1" type="stmt"/>
        <line num="18" count="2" type="stmt"/>
        <line num="19" count="2" type="stmt"/>
        <line num="20" count="2" type="cond" truecount="1" falsecount="1"/>
        <line num="21" count="2" type="stmt"/>
        <line num="25" count="2" type="cond" truecount="1" falsecount="1"/>
        <line num="26" count="0" type="stmt"/>
        <line num="31" count="5" type="cond" truecount="5" falsecount="0"/>
        <line num="33" count="1" type="stmt"/>
        <line num="34" count="1" type="stmt"/>
        <line num="36" count="1" type="stmt"/>
        <line num="37" count="1" type="stmt"/>
        <line num="39" count="1" type="stmt"/>
        <line num="40" count="1" type="stmt"/>
        <line num="42" count="1" type="stmt"/>
        <line num="43" count="1" type="stmt"/>
        <line num="45" count="1" type="stmt"/>
        <line num="48" count="5" type="stmt"/>
      </file>
    </package>
    <package name="components">
      <metrics statements="2" coveredstatements="2" conditionals="0" coveredconditionals="0" methods="1" coveredmethods="1"/>
      <file name="404.js" path="/Users/akeembalogun/Desktop/rs/Reactify-SendIT/src/components/404.js">
        <metrics statements="2" coveredstatements="2" conditionals="0" coveredconditionals="0" methods="1" coveredmethods="1"/>
        <line num="7" count="1" type="stmt"/>
        <line num="9" count="1" type="stmt"/>
      </file>
    </package>
  </project>
</coverage>
