{"/Users/akeembalogun/Desktop/rs/Reactify-SendIT/src/Validation/login.js": {"path":"/Users/akeembalogun/Desktop/rs/Reactify-SendIT/src/Validation/login.js","statementMap":{"0":{"start":{"line":8,"column":2},"end":{"line":12,"column":3}},"1":{"start":{"line":11,"column":4},"end":{"line":11,"column":17}},"2":{"start":{"line":13,"column":2},"end":{"line":13,"column":14}}},"fnMap":{"0":{"name":"validateLoginB4Submission","decl":{"start":{"line":7,"column":24},"end":{"line":7,"column":49}},"loc":{"start":{"line":7,"column":60},"end":{"line":14,"column":1}},"line":7}},"branchMap":{"0":{"loc":{"start":{"line":8,"column":2},"end":{"line":12,"column":3}},"type":"if","locations":[{"start":{"line":8,"column":2},"end":{"line":12,"column":3}},{"start":{"line":8,"column":2},"end":{"line":12,"column":3}}],"line":8},"1":{"loc":{"start":{"line":8,"column":6},"end":{"line":9,"column":59}},"type":"binary-expr","locations":[{"start":{"line":8,"column":6},"end":{"line":8,"column":48}},{"start":{"line":9,"column":11},"end":{"line":9,"column":59}}],"line":8}},"s":{"0":2,"1":1,"2":1},"f":{"0":2},"b":{"0":[1,1],"1":[2,1]},"_coverageSchema":"43e27e138ebf9cfc5966b082cf9a028302ed4184","hash":"e196e6990a0fe6bd53011f68eeb1d8bf900a42e4"}
,"/Users/akeembalogun/Desktop/rs/Reactify-SendIT/src/Validation/validateInputs.js": {"path":"/Users/akeembalogun/Desktop/rs/Reactify-SendIT/src/Validation/validateInputs.js","statementMap":{"0":{"start":{"line":6,"column":2},"end":{"line":6,"column":72}},"1":{"start":{"line":6,"column":34},"end":{"line":6,"column":72}},"2":{"start":{"line":7,"column":2},"end":{"line":7,"column":39}},"3":{"start":{"line":12,"column":19},"end":{"line":12,"column":79}},"4":{"start":{"line":13,"column":2},"end":{"line":13,"column":64}},"5":{"start":{"line":13,"column":29},"end":{"line":13,"column":64}},"6":{"start":{"line":14,"column":2},"end":{"line":14,"column":36}},"7":{"start":{"line":18,"column":2},"end":{"line":18,"column":30}},"8":{"start":{"line":19,"column":19},"end":{"line":19,"column":40}},"9":{"start":{"line":20,"column":2},"end":{"line":20,"column":69}},"10":{"start":{"line":20,"column":31},"end":{"line":20,"column":69}},"11":{"start":{"line":21,"column":2},"end":{"line":21,"column":39}},"12":{"start":{"line":25,"column":2},"end":{"line":25,"column":85}},"13":{"start":{"line":25,"column":33},"end":{"line":25,"column":85}},"14":{"start":{"line":26,"column":2},"end":{"line":26,"column":53}},"15":{"start":{"line":31,"column":2},"end":{"line":46,"column":3}},"16":{"start":{"line":33,"column":6},"end":{"line":33,"column":44}},"17":{"start":{"line":34,"column":6},"end":{"line":34,"column":12}},"18":{"start":{"line":36,"column":6},"end":{"line":36,"column":41}},"19":{"start":{"line":37,"column":6},"end":{"line":37,"column":12}},"20":{"start":{"line":39,"column":6},"end":{"line":39,"column":44}},"21":{"start":{"line":40,"column":6},"end":{"line":40,"column":12}},"22":{"start":{"line":42,"column":6},"end":{"line":42,"column":43}},"23":{"start":{"line":43,"column":6},"end":{"line":43,"column":12}},"24":{"start":{"line":45,"column":6},"end":{"line":45,"column":20}},"25":{"start":{"line":48,"column":2},"end":{"line":48,"column":16}}},"fnMap":{"0":{"name":"validateFullname","decl":{"start":{"line":5,"column":16},"end":{"line":5,"column":32}},"loc":{"start":{"line":5,"column":43},"end":{"line":8,"column":1}},"line":5},"1":{"name":"validateEmail","decl":{"start":{"line":10,"column":16},"end":{"line":10,"column":29}},"loc":{"start":{"line":10,"column":37},"end":{"line":15,"column":1}},"line":10},"2":{"name":"validatePassword","decl":{"start":{"line":17,"column":16},"end":{"line":17,"column":32}},"loc":{"start":{"line":17,"column":42},"end":{"line":22,"column":1}},"line":17},"3":{"name":"confirmPassword","decl":{"start":{"line":24,"column":16},"end":{"line":24,"column":31}},"loc":{"start":{"line":24,"column":37},"end":{"line":27,"column":1}},"line":24},"4":{"name":"validateInputs","decl":{"start":{"line":29,"column":16},"end":{"line":29,"column":30}},"loc":{"start":{"line":29,"column":54},"end":{"line":49,"column":1}},"line":29}},"branchMap":{"0":{"loc":{"start":{"line":6,"column":2},"end":{"line":6,"column":72}},"type":"if","locations":[{"start":{"line":6,"column":2},"end":{"line":6,"column":72}},{"start":{"line":6,"column":2},"end":{"line":6,"column":72}}],"line":6},"1":{"loc":{"start":{"line":13,"column":2},"end":{"line":13,"column":64}},"type":"if","locations":[{"start":{"line":13,"column":2},"end":{"line":13,"column":64}},{"start":{"line":13,"column":2},"end":{"line":13,"column":64}}],"line":13},"2":{"loc":{"start":{"line":20,"column":2},"end":{"line":20,"column":69}},"type":"if","locations":[{"start":{"line":20,"column":2},"end":{"line":20,"column":69}},{"start":{"line":20,"column":2},"end":{"line":20,"column":69}}],"line":20},"3":{"loc":{"start":{"line":25,"column":2},"end":{"line":25,"column":85}},"type":"if","locations":[{"start":{"line":25,"column":2},"end":{"line":25,"column":85}},{"start":{"line":25,"column":2},"end":{"line":25,"column":85}}],"line":25},"4":{"loc":{"start":{"line":31,"column":2},"end":{"line":46,"column":3}},"type":"switch","locations":[{"start":{"line":32,"column":4},"end":{"line":34,"column":12}},{"start":{"line":35,"column":4},"end":{"line":37,"column":12}},{"start":{"line":38,"column":4},"end":{"line":40,"column":12}},{"start":{"line":41,"column":4},"end":{"line":43,"column":12}},{"start":{"line":44,"column":4},"end":{"line":45,"column":20}}],"line":31}},"s":{"0":1,"1":0,"2":1,"3":3,"4":3,"5":2,"6":1,"7":2,"8":2,"9":2,"10":0,"11":2,"12":2,"13":2,"14":0,"15":5,"16":1,"17":1,"18":1,"19":1,"20":1,"21":1,"22":1,"23":1,"24":1,"25":5},"f":{"0":1,"1":3,"2":2,"3":2,"4":5},"b":{"0":[0,1],"1":[2,1],"2":[0,2],"3":[2,0],"4":[1,1,1,1,1]},"_coverageSchema":"43e27e138ebf9cfc5966b082cf9a028302ed4184","hash":"12997af3190e93d9ac3545399ba1ba366435dddf"}
,"/Users/akeembalogun/Desktop/rs/Reactify-SendIT/src/components/404.js": {"path":"/Users/akeembalogun/Desktop/rs/Reactify-SendIT/src/components/404.js","statementMap":{"0":{"start":{"line":7,"column":21},"end":{"line":44,"column":1}},"1":{"start":{"line":9,"column":2},"end":{"line":43,"column":10}}},"fnMap":{"0":{"name":"(anonymous_0)","decl":{"start":{"line":7,"column":21},"end":{"line":7,"column":22}},"loc":{"start":{"line":9,"column":2},"end":{"line":43,"column":10}},"line":9}},"branchMap":{},"s":{"0":1,"1":1},"f":{"0":1},"b":{},"_coverageSchema":"43e27e138ebf9cfc5966b082cf9a028302ed4184","hash":"cb488607565abd332c3aa99ebe3ff3120a3b9e4f"}
}
