TN:
SF:/Users/akeembalogun/Desktop/rs/Reactify-SendIT/src/Validation/login.js
FN:7,validateLoginB4Submission
FNF:1
FNH:1
FNDA:2,validateLoginB4Submission
DA:8,2
DA:11,1
DA:13,1
LF:3
LH:3
BRDA:8,0,0,1
BRDA:8,0,1,1
BRDA:8,1,0,2
BRDA:8,1,1,1
BRF:4
BRH:4
end_of_record
TN:
SF:/Users/akeembalogun/Desktop/rs/Reactify-SendIT/src/Validation/validateInputs.js
FN:5,validateFullname
FN:10,validateEmail
FN:17,validatePassword
FN:24,confirmPassword
FN:29,validateInputs
FNF:5
FNH:5
FNDA:1,validateFullname
FNDA:3,validateEmail
FNDA:2,validatePassword
FNDA:2,confirmPassword
FNDA:5,validateInputs
DA:6,1
DA:7,1
DA:12,3
DA:13,3
DA:14,1
DA:18,2
DA:19,2
DA:20,2
DA:21,2
DA:25,2
DA:26,0
DA:31,5
DA:33,1
DA:34,1
DA:36,1
DA:37,1
DA:39,1
DA:40,1
DA:42,1
DA:43,1
DA:45,1
DA:48,5
LF:22
LH:21
BRDA:6,0,0,0
BRDA:6,0,1,1
BRDA:13,1,0,2
BRDA:13,1,1,1
BRDA:20,2,0,0
BRDA:20,2,1,2
BRDA:25,3,0,2
BRDA:25,3,1,0
BRDA:31,4,0,1
BRDA:31,4,1,1
BRDA:31,4,2,1
BRDA:31,4,3,1
BRDA:31,4,4,1
BRF:13
BRH:10
end_of_record
TN:
SF:/Users/akeembalogun/Desktop/rs/Reactify-SendIT/src/components/404.js
FN:7,(anonymous_0)
FNF:1
FNH:1
FNDA:1,(anonymous_0)
DA:7,1
DA:9,1
LF:2
LH:2
BRF:0
BRH:0
end_of_record
